<?xml version="1.0" encoding="UTF-8"?>
<!-- Generated by org.testng.reporters.JUnitReportReporter -->
<testsuite hostname="Praful" failures="0" tests="4" name="TestRunner.RunnerTest" time="9.051" errors="0" timestamp="18 Jan 2024 13:58:45 GMT" skipped="0">
  <testcase classname="TestRunner.RunnerTest" name="runScenario" time="1.260"/>
  <testcase classname="TestRunner.RunnerTest" name="runScenario" time="7.373"/>
  <testcase classname="TestRunner.RunnerTest" name="runScenario" time="0.085"/>
  <testcase classname="TestRunner.RunnerTest" name="runScenario" time="0.333"/>
</testsuite> <!-- TestRunner.RunnerTest -->
